sample.interval=20000
"[[.data.frame" "[[" "[.data.frame" "[" "myknn" 
"%in%" "[[.data.frame" "[[" "Ops.data.frame" "-" "myknn" 
".subset2" "<Anonymous>" "[[.data.frame" "[[" "Ops.data.frame" "-" "myknn" 
"as.data.frame.integer" "as.data.frame" "data.frame" "eval" "eval" "as.data.frame.list" "as.data.frame" "data.frame" "Ops.data.frame" "-" "myknn" 
"as.data.frame" "data.frame" "eval" "eval" "as.data.frame.list" "as.data.frame" "data.frame" "Ops.data.frame" "-" "myknn" 
"mode" "match" "%in%" "deparse" "paste" "force" "as.data.frame.integer" "as.data.frame" "data.frame" "eval" "eval" "as.data.frame.list" "as.data.frame" "data.frame" "Ops.data.frame" "-" "myknn" 
"[[" "Ops.data.frame" "^" "myknn" 
"all" "[[.data.frame" "[[" "[.data.frame" "[" "myknn" 
"eval" "Ops.data.frame" "-" "myknn" 
"match" "%in%" "[[.data.frame" "[[" "Ops.data.frame" "-" "myknn" 
"match" "%in%" "deparse" "mode" "match" "%in%" "deparse" "paste" "force" "as.data.frame.integer" "as.data.frame" "data.frame" "eval" "eval" "as.data.frame.list" "as.data.frame" "data.frame" "Ops.data.frame" "-" "myknn" 
"deparse" "paste" "force" "as.data.frame.integer" "as.data.frame" "data.frame" "eval" "eval" "as.data.frame.list" "as.data.frame" "data.frame" "Ops.data.frame" "-" "myknn" 
".set_row_names" "as.data.frame.integer" "as.data.frame" "data.frame" "eval" "eval" "as.data.frame.list" "as.data.frame" "data.frame" "Ops.data.frame" "-" "myknn" 
".set_row_names" "as.data.frame.integer" "as.data.frame" "data.frame" "eval" "eval" "as.data.frame.list" "as.data.frame" "data.frame" "Ops.data.frame" "-" "myknn" 
"[.data.frame" "[" "myknn" 
"<Anonymous>" "[[.data.frame" "[[" "[.data.frame" "[" "myknn" 
"[[.data.frame" "[[" "Ops.data.frame" "-" "myknn" 
"sum" ".deparseOpts" "deparse" "mode" "match" "%in%" "deparse" "paste" "force" "as.data.frame.integer" "as.data.frame" "data.frame" "eval" "eval" "as.data.frame.list" "as.data.frame" "data.frame" "Ops.data.frame" "-" "myknn" 
".row_names_info" "data.frame" "eval" "eval" "as.data.frame.list" "as.data.frame" "data.frame" "Ops.data.frame" "-" "myknn" 
"data.frame" "eval" "eval" "as.data.frame.list" "as.data.frame" "data.frame" "Ops.data.frame" "-" "myknn" 
"as.data.frame" "data.frame" "eval" "eval" "as.data.frame.list" "as.data.frame" "data.frame" "Ops.data.frame" "-" "myknn" 
"Ops.data.frame" "^" "myknn" 
"Ops.data.frame" "^" "myknn" 
"[[.data.frame" "[[" "[.data.frame" "[" "myknn" 
"[[.data.frame" "[[" "Ops.data.frame" "-" "myknn" 
"as.list" "data.frame" "Ops.data.frame" "-" "myknn" 
".set_row_names" "as.data.frame.integer" "as.data.frame" "data.frame" "eval" "eval" "as.data.frame.list" "as.data.frame" "data.frame" "Ops.data.frame" "-" "myknn" 
"deparse" "paste" "force" "as.data.frame.integer" "as.data.frame" "data.frame" "eval" "eval" "as.data.frame.list" "as.data.frame" "data.frame" "Ops.data.frame" "-" "myknn" 
"force" "as.data.frame.integer" "as.data.frame" "data.frame" "eval" "eval" "as.data.frame.list" "as.data.frame" "data.frame" "Ops.data.frame" "-" "myknn" 
"Ops.data.frame" "^" "myknn" 
"match" "%in%" "[[.data.frame" "[[" "[.data.frame" "[" "myknn" 
".subset2" "<Anonymous>" "[[.data.frame" "[[" "Ops.data.frame" "-" "myknn" 
"Ops.data.frame" "-" "myknn" 
"deparse" "paste" "force" "as.data.frame.integer" "as.data.frame" "data.frame" "eval" "eval" "as.data.frame.list" "as.data.frame" "data.frame" "Ops.data.frame" "-" "myknn" 
"match" "%in%" "deparse" "paste" "force" "as.data.frame.integer" "as.data.frame" "data.frame" "eval" "eval" "as.data.frame.list" "as.data.frame" "data.frame" "Ops.data.frame" "-" "myknn" 
"length" "length" "data.frame" "eval" "eval" "as.data.frame.list" "as.data.frame" "data.frame" "Ops.data.frame" "-" "myknn" 
"unlist" "data.frame" "eval" "eval" "as.data.frame.list" "as.data.frame" "data.frame" "Ops.data.frame" "-" "myknn" 
"Ops.data.frame" "^" "myknn" 
"dim" "[.data.frame" "[" "myknn" 
"[[.data.frame" "[[" "Ops.data.frame" "-" "myknn" 
"Ops.data.frame" "-" "myknn" 
"sum" ".deparseOpts" "deparse" "mode" "match" "%in%" "deparse" "paste" "force" "as.data.frame.integer" "as.data.frame" "data.frame" "eval" "eval" "as.data.frame.list" "as.data.frame" "data.frame" "Ops.data.frame" "-" "myknn" 
"match" "%in%" "deparse" "mode" "match" "%in%" "deparse" "paste" "force" "as.data.frame.integer" "as.data.frame" "data.frame" "eval" "eval" "as.data.frame.list" "as.data.frame" "data.frame" "Ops.data.frame" "-" "myknn" 
"deparse" "paste" "force" "as.data.frame.integer" "as.data.frame" "data.frame" "eval" "eval" "as.data.frame.list" "as.data.frame" "data.frame" "Ops.data.frame" "-" "myknn" 
".deparseOpts" "deparse" "mode" "match" "%in%" "deparse" "paste" "force" "as.data.frame.integer" "as.data.frame" "data.frame" "eval" "eval" "as.data.frame.list" "as.data.frame" "data.frame" "Ops.data.frame" "-" "myknn" 
"[[" "Ops.data.frame" "^" "myknn" 
"[[.data.frame" "[[" "[.data.frame" "[" "myknn" 
"[[" "Ops.data.frame" "-" "myknn" 
"Ops.data.frame" "-" "myknn" 
"as.data.frame" "data.frame" "eval" "eval" "as.data.frame.list" "as.data.frame" "data.frame" "Ops.data.frame" "-" "myknn" 
"mode" "match" "%in%" "deparse" "paste" "force" "as.data.frame.integer" "as.data.frame" "data.frame" "eval" "eval" "as.data.frame.list" "as.data.frame" "data.frame" "Ops.data.frame" "-" "myknn" 
".deparseOpts" "deparse" "mode" "match" "%in%" "deparse" "paste" "force" "as.data.frame.integer" "as.data.frame" "data.frame" "eval" "eval" "as.data.frame.list" "as.data.frame" "data.frame" "Ops.data.frame" "-" "myknn" 
"as.data.frame" "data.frame" "eval" "eval" "as.data.frame.list" "as.data.frame" "data.frame" "Ops.data.frame" "-" "myknn" 
"parent.frame" "eval" "Ops.data.frame" "^" "myknn" 
"[[.data.frame" "[[" "[.data.frame" "[" "myknn" 
"match" "%in%" "[[.data.frame" "[[" "Ops.data.frame" "-" "myknn" 
"[[.data.frame" "[[" "Ops.data.frame" "-" "myknn" 
"match" "%in%" "[[.data.frame" "[[" "Ops.data.frame" "-" "myknn" 
".row_names_info" "data.frame" "eval" "eval" "as.data.frame.list" "as.data.frame" "data.frame" "Ops.data.frame" "-" "myknn" 
"is.call" "mode" "match" "%in%" "deparse" "mode" "match" "%in%" "deparse" "paste" "force" "as.data.frame.integer" "as.data.frame" "data.frame" "eval" "eval" "as.data.frame.list" "as.data.frame" "data.frame" "Ops.data.frame" "-" "myknn" 
"as.data.frame.integer" "as.data.frame" "data.frame" "eval" "eval" "as.data.frame.list" "as.data.frame" "data.frame" "Ops.data.frame" "-" "myknn" 
"deparse" "paste" "force" "as.data.frame.integer" "as.data.frame" "data.frame" "eval" "eval" "as.data.frame.list" "as.data.frame" "data.frame" "Ops.data.frame" "-" "myknn" 
"<Anonymous>" "[[.data.frame" "[[" "Ops.data.frame" "^" "myknn" 
"[.data.frame" "[" "myknn" 
"all" "[[.data.frame" "[[" "Ops.data.frame" "-" "myknn" 
"Ops.data.frame" "-" "myknn" 
"as.data.frame" "data.frame" "eval" "eval" "as.data.frame.list" "as.data.frame" "data.frame" "Ops.data.frame" "-" "myknn" 
"as.data.frame" "data.frame" "eval" "eval" "as.data.frame.list" "as.data.frame" "data.frame" "Ops.data.frame" "-" "myknn" 
".set_row_names" "as.data.frame.integer" "as.data.frame" "data.frame" "eval" "eval" "as.data.frame.list" "as.data.frame" "data.frame" "Ops.data.frame" "-" "myknn" 
"data.frame" "eval" "eval" "as.data.frame.list" "as.data.frame" "data.frame" "Ops.data.frame" "-" "myknn" 
"match" "%in%" "[[.data.frame" "[[" "Ops.data.frame" "^" "myknn" 
"names" "match" "%in%" "[[.data.frame" "[[" "Ops.data.frame" "^" "myknn" 
"match" "%in%" "[[.data.frame" "[[" "[.data.frame" "[" "myknn" 
"match" "%in%" "[[.data.frame" "[[" "Ops.data.frame" "-" "myknn" 
"all" "[[.data.frame" "[[" "Ops.data.frame" "-" "myknn" 
"names" "names" "data.frame" "eval" "eval" "as.data.frame.list" "as.data.frame" "data.frame" "Ops.data.frame" "-" "myknn" 
"pmatch" ".deparseOpts" "deparse" "mode" "match" "%in%" "deparse" "paste" "force" "as.data.frame.integer" "as.data.frame" "data.frame" "eval" "eval" "as.data.frame.list" "as.data.frame" "data.frame" "Ops.data.frame" "-" "myknn" 
"paste" "force" "as.data.frame.integer" "as.data.frame" "data.frame" "eval" "eval" "as.data.frame.list" "as.data.frame" "data.frame" "Ops.data.frame" "-" "myknn" 
"match" "%in%" "deparse" "paste" "force" "as.data.frame.integer" "as.data.frame" "data.frame" "eval" "eval" "as.data.frame.list" "as.data.frame" "data.frame" "Ops.data.frame" "-" "myknn" 
"match" "%in%" "[[.data.frame" "[[" "Ops.data.frame" "^" "myknn" 
"match" "%in%" "[[.data.frame" "[[" "[.data.frame" "[" "myknn" 
"[[.data.frame" "[[" "Ops.data.frame" "-" "myknn" 
"[[" "Ops.data.frame" "-" "myknn" 
"as.data.frame" "data.frame" "eval" "eval" "as.data.frame.list" "as.data.frame" "data.frame" "Ops.data.frame" "-" "myknn" 
"length" "length" "data.frame" "eval" "eval" "as.data.frame.list" "as.data.frame" "data.frame" "Ops.data.frame" "-" "myknn" 
"as.data.frame" "data.frame" "eval" "eval" "as.data.frame.list" "as.data.frame" "data.frame" "Ops.data.frame" "-" "myknn" 
"pmatch" ".deparseOpts" "deparse" "mode" "match" "%in%" "deparse" "paste" "force" "as.data.frame.integer" "as.data.frame" "data.frame" "eval" "eval" "as.data.frame.list" "as.data.frame" "data.frame" "Ops.data.frame" "-" "myknn" 
"Ops.data.frame" "^" "myknn" 
"[.data.frame" "[" "myknn" 
"match" "%in%" "[[.data.frame" "[[" "Ops.data.frame" "-" "myknn" 
"eval" "Ops.data.frame" "-" "myknn" 
"data.frame" "eval" "eval" "as.data.frame.list" "as.data.frame" "data.frame" "Ops.data.frame" "-" "myknn" 
"data.frame" "eval" "eval" "as.data.frame.list" "as.data.frame" "data.frame" "Ops.data.frame" "-" "myknn" 
"names" "names" "data.frame" "eval" "eval" "as.data.frame.list" "as.data.frame" "data.frame" "Ops.data.frame" "-" "myknn" 
"sys.call" "match" "%in%" "[[.data.frame" "[[" "Ops.data.frame" "^" "myknn" 
"[.data.frame" "[" "myknn" 
"[[.data.frame" "[[" "Ops.data.frame" "-" "myknn" 
"%in%" "[[.data.frame" "[[" "Ops.data.frame" "-" "myknn" 
"mode" "match" "%in%" "deparse" "paste" "force" "as.data.frame.integer" "as.data.frame" "data.frame" "eval" "eval" "as.data.frame.list" "as.data.frame" "data.frame" "Ops.data.frame" "-" "myknn" 
"pmatch" ".deparseOpts" "deparse" "paste" "force" "as.data.frame.integer" "as.data.frame" "data.frame" "eval" "eval" "as.data.frame.list" "as.data.frame" "data.frame" "Ops.data.frame" "-" "myknn" 
"match" "%in%" "deparse" "paste" "force" "as.data.frame.integer" "as.data.frame" "data.frame" "eval" "eval" "as.data.frame.list" "as.data.frame" "data.frame" "Ops.data.frame" "-" "myknn" 
"match" "%in%" "[[.data.frame" "[[" "Ops.data.frame" "^" "myknn" 
".subset2" "<Anonymous>" "[[.data.frame" "[[" "[.data.frame" "[" "myknn" 
"all" "[[.data.frame" "[[" "[.data.frame" "[" "myknn" 
"[[" "Ops.data.frame" "-" "myknn" 
"names" "names" "data.frame" "eval" "eval" "as.data.frame.list" "as.data.frame" "data.frame" "Ops.data.frame" "-" "myknn" 
"pmatch" ".deparseOpts" "deparse" "mode" "match" "%in%" "deparse" "paste" "force" "as.data.frame.integer" "as.data.frame" "data.frame" "eval" "eval" "as.data.frame.list" "as.data.frame" "data.frame" "Ops.data.frame" "-" "myknn" 
"as.data.frame.integer" "as.data.frame" "data.frame" "eval" "eval" "as.data.frame.list" "as.data.frame" "data.frame" "Ops.data.frame" "-" "myknn" 
"as.data.frame" "data.frame" "eval" "eval" "as.data.frame.list" "as.data.frame" "data.frame" "Ops.data.frame" "-" "myknn" 
"all" "[[.data.frame" "[[" "Ops.data.frame" "^" "myknn" 
"<Anonymous>" "[[.data.frame" "[[" "[.data.frame" "[" "myknn" 
"[[" "Ops.data.frame" "-" "myknn" 
"all" "[[.data.frame" "[[" "Ops.data.frame" "-" "myknn" 
"as.data.frame" "data.frame" "eval" "eval" "as.data.frame.list" "as.data.frame" "data.frame" "Ops.data.frame" "-" "myknn" 
"paste" "force" "as.data.frame.integer" "as.data.frame" "data.frame" "eval" "eval" "as.data.frame.list" "as.data.frame" "data.frame" "Ops.data.frame" "-" "myknn" 
"sum" ".deparseOpts" "deparse" "paste" "force" "as.data.frame.integer" "as.data.frame" "data.frame" "eval" "eval" "as.data.frame.list" "as.data.frame" "data.frame" "Ops.data.frame" "-" "myknn" 
"deparse" "mode" "match" "%in%" "deparse" "paste" "force" "as.data.frame.integer" "as.data.frame" "data.frame" "eval" "eval" "as.data.frame.list" "as.data.frame" "data.frame" "Ops.data.frame" "-" "myknn" 
"[[" "Ops.data.frame" "^" "myknn" 
"[[" "[.data.frame" "[" "myknn" 
"[[" "Ops.data.frame" "-" "myknn" 
"Ops.data.frame" "-" "myknn" 
"match" "%in%" "deparse" "paste" "force" "as.data.frame.integer" "as.data.frame" "data.frame" "eval" "eval" "as.data.frame.list" "as.data.frame" "data.frame" "Ops.data.frame" "-" "myknn" 
".deparseOpts" "deparse" "mode" "match" "%in%" "deparse" "paste" "force" "as.data.frame.integer" "as.data.frame" "data.frame" "eval" "eval" "as.data.frame.list" "as.data.frame" "data.frame" "Ops.data.frame" "-" "myknn" 
"as.data.frame.integer" "as.data.frame" "data.frame" "eval" "eval" "as.data.frame.list" "as.data.frame" "data.frame" "Ops.data.frame" "-" "myknn" 
"sum" ".deparseOpts" "deparse" "mode" "match" "%in%" "deparse" "paste" "force" "as.data.frame.integer" "as.data.frame" "data.frame" "eval" "eval" "as.data.frame.list" "as.data.frame" "data.frame" "Ops.data.frame" "-" "myknn" 
"sys.call" "match" "%in%" "[[.data.frame" "[[" "Ops.data.frame" "^" "myknn" 
"[[.data.frame" "[[" "[.data.frame" "[" "myknn" 
"[[.data.frame" "[[" "[.data.frame" "[" "myknn" 
"match" "%in%" "[[.data.frame" "[[" "Ops.data.frame" "-" "myknn" 
".set_row_names" "as.data.frame.integer" "as.data.frame" "data.frame" "eval" "eval" "as.data.frame.list" "as.data.frame" "data.frame" "Ops.data.frame" "-" "myknn" 
"deparse" "mode" "match" "%in%" "deparse" "paste" "force" "as.data.frame.integer" "as.data.frame" "data.frame" "eval" "eval" "as.data.frame.list" "as.data.frame" "data.frame" "Ops.data.frame" "-" "myknn" 
"data.frame" "eval" "eval" "as.data.frame.list" "as.data.frame" "data.frame" "Ops.data.frame" "-" "myknn" 
"names" "names" "data.frame" "eval" "eval" "as.data.frame.list" "as.data.frame" "data.frame" "Ops.data.frame" "-" "myknn" 
"match" "%in%" "[[.data.frame" "[[" "Ops.data.frame" "^" "myknn" 
"[.data.frame" "[" "myknn" 
"<Anonymous>" "[[.data.frame" "[[" "[.data.frame" "[" "myknn" 
"Ops.data.frame" "-" "myknn" 
"any" ".deparseOpts" "deparse" "paste" "force" "as.data.frame.integer" "as.data.frame" "data.frame" "eval" "eval" "as.data.frame.list" "as.data.frame" "data.frame" "Ops.data.frame" "-" "myknn" 
"match" "%in%" "deparse" "paste" "force" "as.data.frame.integer" "as.data.frame" "data.frame" "eval" "eval" "as.data.frame.list" "as.data.frame" "data.frame" "Ops.data.frame" "-" "myknn" 
"match" "%in%" "deparse" "mode" "match" "%in%" "deparse" "paste" "force" "as.data.frame.integer" "as.data.frame" "data.frame" "eval" "eval" "as.data.frame.list" "as.data.frame" "data.frame" "Ops.data.frame" "-" "myknn" 
"data.frame" "eval" "eval" "as.data.frame.list" "as.data.frame" "data.frame" "Ops.data.frame" "-" "myknn" 
"all" "[[.data.frame" "[[" "Ops.data.frame" "^" "myknn" 
"match" "%in%" "[[.data.frame" "[[" "[.data.frame" "[" "myknn" 
"sys.call" "match" "%in%" "[[.data.frame" "[[" "Ops.data.frame" "-" "myknn" 
"eval" "Ops.data.frame" "-" "myknn" 
"match" "%in%" "deparse" "paste" "force" "as.data.frame.integer" "as.data.frame" "data.frame" "eval" "eval" "as.data.frame.list" "as.data.frame" "data.frame" "Ops.data.frame" "-" "myknn" 
"names" "names" "data.frame" "eval" "eval" "as.data.frame.list" "as.data.frame" "data.frame" "Ops.data.frame" "-" "myknn" 
"mode" "match" "%in%" "deparse" "paste" "force" "as.data.frame.integer" "as.data.frame" "data.frame" "eval" "eval" "as.data.frame.list" "as.data.frame" "data.frame" "Ops.data.frame" "-" "myknn" 
"eval" "Ops.data.frame" "^" "myknn" 
"[[.data.frame" "[[" "[.data.frame" "[" "myknn" 
"[[.data.frame" "[[" "[.data.frame" "[" "myknn" 
"Ops.data.frame" "-" "myknn" 
"sum" ".deparseOpts" "deparse" "mode" "match" "%in%" "deparse" "paste" "force" "as.data.frame.integer" "as.data.frame" "data.frame" "eval" "eval" "as.data.frame.list" "as.data.frame" "data.frame" "Ops.data.frame" "-" "myknn" 
"paste" "force" "as.data.frame.integer" "as.data.frame" "data.frame" "eval" "eval" "as.data.frame.list" "as.data.frame" "data.frame" "Ops.data.frame" "-" "myknn" 
"match" "%in%" "deparse" "mode" "match" "%in%" "deparse" "paste" "force" "as.data.frame.integer" "as.data.frame" "data.frame" "eval" "eval" "as.data.frame.list" "as.data.frame" "data.frame" "Ops.data.frame" "-" "myknn" 
"deparse" "mode" "match" "%in%" "deparse" "paste" "force" "as.data.frame.integer" "as.data.frame" "data.frame" "eval" "eval" "as.data.frame.list" "as.data.frame" "data.frame" "Ops.data.frame" "-" "myknn" 
"[[.data.frame" "[[" "Ops.data.frame" "^" "myknn" 
"%in%" "[[.data.frame" "[[" "[.data.frame" "[" "myknn" 
"nargs" "[[.data.frame" "[[" "Ops.data.frame" "-" "myknn" 
"[[" "Ops.data.frame" "-" "myknn" 
"deparse" "mode" "match" "%in%" "deparse" "paste" "force" "as.data.frame.integer" "as.data.frame" "data.frame" "eval" "eval" "as.data.frame.list" "as.data.frame" "data.frame" "Ops.data.frame" "-" "myknn" 
".deparseOpts" "deparse" "mode" "match" "%in%" "deparse" "paste" "force" "as.data.frame.integer" "as.data.frame" "data.frame" "eval" "eval" "as.data.frame.list" "as.data.frame" "data.frame" "Ops.data.frame" "-" "myknn" 
"deparse" "paste" "force" "as.data.frame.integer" "as.data.frame" "data.frame" "eval" "eval" "as.data.frame.list" "as.data.frame" "data.frame" "Ops.data.frame" "-" "myknn" 
"sys.call" "match" "%in%" "[[.data.frame" "[[" "Ops.data.frame" "^" "myknn" 
"[[" "[.data.frame" "[" "myknn" 
"[.data.frame" "[" "myknn" 
"[[.data.frame" "[[" "Ops.data.frame" "-" "myknn" 
"data.frame" "eval" "eval" "as.data.frame.list" "as.data.frame" "data.frame" "Ops.data.frame" "-" "myknn" 
"any" ".deparseOpts" "deparse" "paste" "force" "as.data.frame.integer" "as.data.frame" "data.frame" "eval" "eval" "as.data.frame.list" "as.data.frame" "data.frame" "Ops.data.frame" "-" "myknn" 
"as.data.frame" "data.frame" "eval" "eval" "as.data.frame.list" "as.data.frame" "data.frame" "Ops.data.frame" "-" "myknn" 
"as.data.frame" "data.frame" "eval" "eval" "as.data.frame.list" "as.data.frame" "data.frame" "Ops.data.frame" "-" "myknn" 
"[[.data.frame" "[[" "Ops.data.frame" "^" "myknn" 
"all" "[[.data.frame" "[[" "[.data.frame" "[" "myknn" 
"is.pairlist" "eval" "Ops.data.frame" "-" "myknn" 
"<Anonymous>" "[[.data.frame" "[[" "Ops.data.frame" "-" "myknn" 
".deparseOpts" "deparse" "mode" "match" "%in%" "deparse" "paste" "force" "as.data.frame.integer" "as.data.frame" "data.frame" "eval" "eval" "as.data.frame.list" "as.data.frame" "data.frame" "Ops.data.frame" "-" "myknn" 
"c" "pmatch" ".deparseOpts" "deparse" "mode" "match" "%in%" "deparse" "paste" "force" "as.data.frame.integer" "as.data.frame" "data.frame" "eval" "eval" "as.data.frame.list" "as.data.frame" "data.frame" "Ops.data.frame" "-" "myknn" 
"paste" "force" "as.data.frame.integer" "as.data.frame" "data.frame" "eval" "eval" "as.data.frame.list" "as.data.frame" "data.frame" "Ops.data.frame" "-" "myknn" 
"-" "deparse" "mode" "match" "%in%" "deparse" "paste" "force" "as.data.frame.integer" "as.data.frame" "data.frame" "eval" "eval" "as.data.frame.list" "as.data.frame" "data.frame" "Ops.data.frame" "-" "myknn" 
"<Anonymous>" "[[.data.frame" "[[" "Ops.data.frame" "^" "myknn" 
"<Anonymous>" "[[.data.frame" "[[" "[.data.frame" "[" "myknn" 
"all" "[[.data.frame" "[[" "[.data.frame" "[" "myknn" 
"[[" "Ops.data.frame" "-" "myknn" 
"as.list.default" "as.list" "data.frame" "eval" "eval" "as.data.frame.list" "as.data.frame" "data.frame" "Ops.data.frame" "-" "myknn" 
"as.data.frame" "data.frame" "eval" "eval" "as.data.frame.list" "as.data.frame" "data.frame" "Ops.data.frame" "-" "myknn" 
"c" "match" "%in%" "deparse" "mode" "match" "%in%" "deparse" "paste" "force" "as.data.frame.integer" "as.data.frame" "data.frame" "eval" "eval" "as.data.frame.list" "as.data.frame" "data.frame" "Ops.data.frame" "-" "myknn" 
".deparseOpts" "deparse" "paste" "force" "as.data.frame.integer" "as.data.frame" "data.frame" "eval" "eval" "as.data.frame.list" "as.data.frame" "data.frame" "Ops.data.frame" "-" "myknn" 
"data.frame" "eval" "eval" "as.data.frame.list" "as.data.frame" "data.frame" "Ops.data.frame" "-" "myknn" 
"%in%" "[[.data.frame" "[[" "Ops.data.frame" "^" "myknn" 
"all" "[[.data.frame" "[[" "[.data.frame" "[" "myknn" 
"dim" "[.data.frame" "[" "myknn" 
"nargs" "[[.data.frame" "[[" "Ops.data.frame" "-" "myknn" 
"data.frame" "eval" "eval" "as.data.frame.list" "as.data.frame" "data.frame" "Ops.data.frame" "-" "myknn" 
"deparse" "mode" "match" "%in%" "deparse" "paste" "force" "as.data.frame.integer" "as.data.frame" "data.frame" "eval" "eval" "as.data.frame.list" "as.data.frame" "data.frame" "Ops.data.frame" "-" "myknn" 
"c" "match" "%in%" "deparse" "paste" "force" "as.data.frame.integer" "as.data.frame" "data.frame" "eval" "eval" "as.data.frame.list" "as.data.frame" "data.frame" "Ops.data.frame" "-" "myknn" 
"match" "%in%" "deparse" "mode" "match" "%in%" "deparse" "paste" "force" "as.data.frame.integer" "as.data.frame" "data.frame" "eval" "eval" "as.data.frame.list" "as.data.frame" "data.frame" "Ops.data.frame" "-" "myknn" 
"[[.data.frame" "[[" "Ops.data.frame" "^" "myknn" 
"order" "summaryRprof" 
"order" "summaryRprof" 
"print.default" "print" "print.data.frame" "print" 
"list.files" "find.package" "index.search" "help" "do.call" "doTryCatch" "tryCatchOne" "tryCatchList" "tryCatch" ".tryHelp" ".helpForCall" "?" 
"grepl" "addParaBreaks" "writeLines" "writeLinesUTF8" "of1" "writeBlock" "writeContent" "writeSection" "Rd2HTML" "<Anonymous>" "doTryCatch" "tryCatchOne" "tryCatchList" "tryCatch" "try" 
"psub" "htmlify" "isBlankLineRd" "addParaBreaks" "writeLines" "writeLinesUTF8" "of1" "writeBlock" "writeContent" "writeSection" "Rd2HTML" "<Anonymous>" "doTryCatch" "tryCatchOne" "tryCatchList" "tryCatch" "try" 
"fsub" "htmlify" "isBlankLineRd" "addParaBreaks" "writeLines" "writeLinesUTF8" "of1" "writeBlock" "writeContent" "writeSection" "Rd2HTML" "<Anonymous>" "doTryCatch" "tryCatchOne" "tryCatchList" "tryCatch" "try" 
"grep" "isBlankRd" "writeWrapped" "writeBlock" "writeContent" "writeSection" "Rd2HTML" "<Anonymous>" "doTryCatch" "tryCatchOne" "tryCatchList" "tryCatch" "try" 
"grep" "isBlankLineRd" "addParaBreaks" "writeLines" "writeLinesUTF8" "of1" "writeBlock" "writeContent" "writeSection" "Rd2HTML" "<Anonymous>" "doTryCatch" "tryCatchOne" "tryCatchList" "tryCatch" "try" 
